Using pre-set license
Built from '2020.3/staging' branch; Version is '2020.3.18f1 (a7d1c678663c) revision 10998214'; Using compiler version '192528614'; Build Type 'Release'
OS: 'Windows 10 Home; OS build 19044.2251; Version 2009; 64bit' Language: 'en' Physical Memory: 16145 MB
BatchMode: 1, IsHumanControllingUs: 0, StartBugReporterOnCrash: 0, Is64bit: 1, IsPro: 0

COMMAND LINE ARGUMENTS:
C:\Program Files\Unity\Hub\Editor\2020.3.18f1\Editor\Unity.exe
-adb2
-batchMode
-noUpm
-name
AssetImportWorker0
-projectPath
C:/Users/redpa/OneDrive/Documents/git/Leo/Mouse
-logFile
Logs/AssetImportWorker0.log
-srvPort
61986
Successfully changed project path to: C:/Users/redpa/OneDrive/Documents/git/Leo/Mouse
C:/Users/redpa/OneDrive/Documents/git/Leo/Mouse
Using Asset Import Pipeline V2.
Refreshing native plugins compatible for Editor in 64.24 ms, found 3 plugins.
Preloading 0 native plugins for Editor in 0.00 ms.
Initialize engine version: 2020.3.18f1 (a7d1c678663c)
[Subsystems] Discovering subsystems at path C:/Program Files/Unity/Hub/Editor/2020.3.18f1/Editor/Data/Resources/UnitySubsystems
[Subsystems] Discovering subsystems at path C:/Users/redpa/OneDrive/Documents/git/Leo/Mouse/Assets
GfxDevice: creating device client; threaded=0
Direct3D:
    Version:  Direct3D 11.0 [level 11.1]
    Renderer: NVIDIA GeForce RTX 2070 (ID=0x1f14)
    Vendor:   
    VRAM:     8031 MB
    Driver:   31.0.15.1700
Initialize mono
Mono path[0] = 'C:/Program Files/Unity/Hub/Editor/2020.3.18f1/Editor/Data/Managed'
Mono path[1] = 'C:/Program Files/Unity/Hub/Editor/2020.3.18f1/Editor/Data/MonoBleedingEdge/lib/mono/unityjit'
Mono config path = 'C:/Program Files/Unity/Hub/Editor/2020.3.18f1/Editor/Data/MonoBleedingEdge/etc'
Using monoOptions --debugger-agent=transport=dt_socket,embedding=1,server=y,suspend=n,address=127.0.0.1:56672
Begin MonoManager ReloadAssembly
Registering precompiled unity dll's ...
Register platform support module: C:/Program Files/Unity/Hub/Editor/2020.3.18f1/Editor/Data/PlaybackEngines/WindowsStandaloneSupport/UnityEditor.WindowsStandalone.Extensions.dll
Registered in 0.005293 seconds.
Native extension for WindowsStandalone target not found
Refreshing native plugins compatible for Editor in 58.58 ms, found 3 plugins.
Preloading 0 native plugins for Editor in 0.00 ms.
Mono: successfully reloaded assembly
- Completed reload, in  7.459 seconds
Domain Reload Profiling:
	ReloadAssembly (7459ms)
		BeginReloadAssembly (93ms)
			ExecutionOrderSort (0ms)
			DisableScriptedObjects (0ms)
			BackupInstance (0ms)
			ReleaseScriptingObjects (0ms)
			CreateAndSetChildDomain (1ms)
		EndReloadAssembly (675ms)
			LoadAssemblies (90ms)
			RebuildTransferFunctionScriptingTraits (0ms)
			SetupTypeCache (243ms)
			ReleaseScriptCaches (0ms)
			RebuildScriptCaches (46ms)
			SetupLoadedEditorAssemblies (271ms)
				LogAssemblyErrors (0ms)
				InitializePlatformSupportModulesInManaged (6ms)
				SetLoadedEditorAssemblies (0ms)
				RefreshPlugins (59ms)
				BeforeProcessingInitializeOnLoad (22ms)
				ProcessInitializeOnLoadAttributes (144ms)
				ProcessInitializeOnLoadMethodAttributes (41ms)
				AfterProcessingInitializeOnLoad (0ms)
				EditorAssembliesLoaded (0ms)
			ExecutionOrderSort2 (0ms)
			AwakeInstancesAfterBackupRestoration (0ms)
Platform modules already initialized, skipping
Registering precompiled user dll's ...
Registered in 0.015054 seconds.
Begin MonoManager ReloadAssembly
Native extension for WindowsStandalone target not found
Refreshing native plugins compatible for Editor in 94.82 ms, found 3 plugins.
Preloading 0 native plugins for Editor in 0.00 ms.
Mono: successfully reloaded assembly
- Completed reload, in  3.008 seconds
Domain Reload Profiling:
	ReloadAssembly (3010ms)
		BeginReloadAssembly (291ms)
			ExecutionOrderSort (0ms)
			DisableScriptedObjects (8ms)
			BackupInstance (0ms)
			ReleaseScriptingObjects (0ms)
			CreateAndSetChildDomain (33ms)
		EndReloadAssembly (2584ms)
			LoadAssemblies (200ms)
			RebuildTransferFunctionScriptingTraits (0ms)
			SetupTypeCache (715ms)
			ReleaseScriptCaches (1ms)
			RebuildScriptCaches (163ms)
			SetupLoadedEditorAssemblies (972ms)
				LogAssemblyErrors (0ms)
				InitializePlatformSupportModulesInManaged (7ms)
				SetLoadedEditorAssemblies (0ms)
				RefreshPlugins (95ms)
				BeforeProcessingInitializeOnLoad (275ms)
				ProcessInitializeOnLoadAttributes (555ms)
				ProcessInitializeOnLoadMethodAttributes (23ms)
				AfterProcessingInitializeOnLoad (16ms)
				EditorAssembliesLoaded (0ms)
			ExecutionOrderSort2 (0ms)
			AwakeInstancesAfterBackupRestoration (12ms)
Platform modules already initialized, skipping
========================================================================
Worker process is ready to serve import requests
Launched and connected shader compiler UnityShaderCompiler.exe after 0.12 seconds
Refreshing native plugins compatible for Editor in 1.12 ms, found 3 plugins.
Preloading 0 native plugins for Editor in 0.00 ms.
Unloading 2090 Unused Serialized files (Serialized files now loaded: 0)
System memory in use before: 93.0 MB.
System memory in use after: 93.1 MB.

Unloading 26 unused Assets to reduce memory usage. Loaded Objects now: 2529.
Total: 6.215900 ms (FindLiveObjects: 0.430900 ms CreateObjectMapping: 0.203200 ms MarkObjects: 5.420600 ms  DeleteObjects: 0.158100 ms)

AssetImportParameters requested are different than current active one (requested -> active):
  custom:framework-win-MediaFoundation: 216162199b28c13a410421893ffa2e32 -> 
  custom:video-decoder-ogg-theora: a1e56fd34408186e4bbccfd4996cb3dc -> 
  custom:container-muxer-webm: aa71ff27fc2769a1b78a27578f13a17b -> 
  custom:container-demuxer-webm: 4f35f7cbe854078d1ac9338744f61a02 -> 
  custom:container-demuxer-ogg: 62fdf1f143b41e24485cea50d1cbac27 -> 
  custom:video-encoder-webm-vp8: eb34c28f22e8b96e1ab97ce403110664 -> 
  custom:video-codec-MediaFoundation-h265: 746d11721c4dcdbdad8f713fa42b33f4 -> 
  custom:video-decoder-webm-vp8: 9c59270c3fd7afecdb556c50c9e8de78 -> 
  custom:audio-decoder-ogg-vorbis: bf7c407c2cedff20999df2af8eb42d56 -> 
  custom:audio-encoder-webm-vorbis: bf7c407c2cedff20999df2af8eb42d56 -> 
========================================================================
Received Import Request.
  path: Assets/Mouse.psb
  artifactKey: Guid(421712a84730d154391ef4019ad2e333) Importer(815301076,1909f56bfc062723c751e8b465ee728b)
Start importing Assets/Mouse.psb using Guid(421712a84730d154391ef4019ad2e333) Importer(815301076,1909f56bfc062723c751e8b465ee728b)  -> (artifact id: '1a04833d041375d54dc91b7e0ca7b145') in 0.700211 seconds 
  Import took 0.708727 seconds .

========================================================================
Received Import Request.
  Time since last request: 129.478746 seconds.
  path: Assets
  artifactKey: Guid(00000000000000001000000000000000) Importer(815301076,1909f56bfc062723c751e8b465ee728b)
Start importing Assets using Guid(00000000000000001000000000000000) Importer(815301076,1909f56bfc062723c751e8b465ee728b)  -> (artifact id: '42d402b061de3733987d63b9cc3b64de') in 0.017594 seconds 
  Import took 0.026839 seconds .

========================================================================
Received Import Request.
  Time since last request: 9.647973 seconds.
  path: Assets/Characters
  artifactKey: Guid(e647d9a58a021f546ba732b71cc2b0df) Importer(815301076,1909f56bfc062723c751e8b465ee728b)
Start importing Assets/Characters using Guid(e647d9a58a021f546ba732b71cc2b0df) Importer(815301076,1909f56bfc062723c751e8b465ee728b)  -> (artifact id: '4314f7b35b7740f87b51dc543fb49ef3') in 0.015647 seconds 
  Import took 0.024298 seconds .

========================================================================
Received Import Request.
  Time since last request: 308.137870 seconds.
  path: Assets/Characters/Mouse.psb
  artifactKey: Guid(421712a84730d154391ef4019ad2e333) Importer(815301076,1909f56bfc062723c751e8b465ee728b)
Start importing Assets/Characters/Mouse.psb using Guid(421712a84730d154391ef4019ad2e333) Importer(815301076,1909f56bfc062723c751e8b465ee728b)  -> (artifact id: '4283f9fec7593d14c5f3aefede3ce5c2') in 0.146428 seconds 
  Import took 0.152409 seconds .

========================================================================
Received Import Request.
  Time since last request: 972.221050 seconds.
  path: Assets/Characters/Mouse 1.psb
  artifactKey: Guid(d1fd338951e581749ac3adf846770b34) Importer(815301076,1909f56bfc062723c751e8b465ee728b)
Start importing Assets/Characters/Mouse 1.psb using Guid(d1fd338951e581749ac3adf846770b34) Importer(815301076,1909f56bfc062723c751e8b465ee728b)  -> (artifact id: 'e3eb1590b89956aba38ea497f6cb5f61') in 0.141371 seconds 
  Import took 0.147605 seconds .

========================================================================
Received Import Request.
  Time since last request: 5.117249 seconds.
  path: Assets/Characters/Mouse.psb
  artifactKey: Guid(421712a84730d154391ef4019ad2e333) Importer(815301076,1909f56bfc062723c751e8b465ee728b)
Start importing Assets/Characters/Mouse.psb using Guid(421712a84730d154391ef4019ad2e333) Importer(815301076,1909f56bfc062723c751e8b465ee728b)  -> (artifact id: '8cbd8a318d805a53bd0838e2ed3fea8a') in 0.135824 seconds 
  Import took 0.141052 seconds .

========================================================================
Received Import Request.
  Time since last request: 164.859889 seconds.
  path: Assets/Characters/Mouse 1.psb
  artifactKey: Guid(d1fd338951e581749ac3adf846770b34) Importer(815301076,1909f56bfc062723c751e8b465ee728b)
Start importing Assets/Characters/Mouse 1.psb using Guid(d1fd338951e581749ac3adf846770b34) Importer(815301076,1909f56bfc062723c751e8b465ee728b)  -> (artifact id: 'e29f8d4d4a2bb4710adc6a1b35c79023') in 0.128713 seconds 
  Import took 0.134008 seconds .

========================================================================
Received Import Request.
  Time since last request: 48992.928314 seconds.
  path: Assets/Characters/Mouse 1.psb
  artifactKey: Guid(d1fd338951e581749ac3adf846770b34) Importer(815301076,1909f56bfc062723c751e8b465ee728b)
Start importing Assets/Characters/Mouse 1.psb using Guid(d1fd338951e581749ac3adf846770b34) Importer(815301076,1909f56bfc062723c751e8b465ee728b)  -> (artifact id: '91e7a066671759272b5d3e07e14926b1') in 0.342295 seconds 
  Import took 0.596557 seconds .

========================================================================
Received Import Request.
  Time since last request: 4613.306021 seconds.
  path: Assets/Characters/Mouse 1.psb
  artifactKey: Guid(d1fd338951e581749ac3adf846770b34) Importer(815301076,1909f56bfc062723c751e8b465ee728b)
Start importing Assets/Characters/Mouse 1.psb using Guid(d1fd338951e581749ac3adf846770b34) Importer(815301076,1909f56bfc062723c751e8b465ee728b)  -> (artifact id: 'fd05de4519753e164723ae82633d5f64') in 0.563573 seconds 
  Import took 0.840942 seconds .

========================================================================
Received Import Request.
  Time since last request: 281.019295 seconds.
  path: Assets/Characters/Mouse 1.psb
  artifactKey: Guid(d1fd338951e581749ac3adf846770b34) Importer(815301076,1909f56bfc062723c751e8b465ee728b)
Start importing Assets/Characters/Mouse 1.psb using Guid(d1fd338951e581749ac3adf846770b34) Importer(815301076,1909f56bfc062723c751e8b465ee728b)  -> (artifact id: '3ecea68cc28d0f0ee3929f9ac89e8935') in 0.229375 seconds 
  Import took 0.240540 seconds .

========================================================================
Received Import Request.
  Time since last request: 127.845968 seconds.
  path: Assets/Characters/Mouse 1.psb
  artifactKey: Guid(d1fd338951e581749ac3adf846770b34) Importer(815301076,1909f56bfc062723c751e8b465ee728b)
Start importing Assets/Characters/Mouse 1.psb using Guid(d1fd338951e581749ac3adf846770b34) Importer(815301076,1909f56bfc062723c751e8b465ee728b)  -> (artifact id: '9c2f8a58c58c203133f77b9dc6c960a1') in 0.209036 seconds 
  Import took 0.217131 seconds .

========================================================================
Received Import Request.
  Time since last request: 1627.189960 seconds.
  path: Assets/Characters/Mouse 1.psb
  artifactKey: Guid(d1fd338951e581749ac3adf846770b34) Importer(815301076,1909f56bfc062723c751e8b465ee728b)
Start importing Assets/Characters/Mouse 1.psb using Guid(d1fd338951e581749ac3adf846770b34) Importer(815301076,1909f56bfc062723c751e8b465ee728b)  -> (artifact id: 'bc82f54ddd6d82840f5e27d9e5290ac2') in 0.182774 seconds 
  Import took 0.204757 seconds .

