Using pre-set license
Built from '2021.3/staging' branch; Version is '2021.3.9f1 (ad3870b89536) revision 11352176'; Using compiler version '192829333'; Build Type 'Release'
OS: 'Windows 10  (10.0.19044) 64bit Core' Language: 'en' Physical Memory: 16145 MB
BatchMode: 1, IsHumanControllingUs: 0, StartBugReporterOnCrash: 0, Is64bit: 1, IsPro: 1

COMMAND LINE ARGUMENTS:
C:\Program Files\Unity 2021.3.9f1\Editor\Unity.exe
-adb2
-batchMode
-noUpm
-name
AssetImportWorker0
-projectPath
C:/Users/redpa/OneDrive/Documents/git/Leo/Leo
-logFile
Logs/AssetImportWorker0.log
-srvPort
61387
Successfully changed project path to: C:/Users/redpa/OneDrive/Documents/git/Leo/Leo
C:/Users/redpa/OneDrive/Documents/git/Leo/Leo
[UnityMemory] Configuration Parameters - Can be set up in boot.config
    "memorysetup-bucket-allocator-granularity=16"
    "memorysetup-bucket-allocator-bucket-count=8"
    "memorysetup-bucket-allocator-block-size=33554432"
    "memorysetup-bucket-allocator-block-count=8"
    "memorysetup-main-allocator-block-size=16777216"
    "memorysetup-thread-allocator-block-size=16777216"
    "memorysetup-gfx-main-allocator-block-size=16777216"
    "memorysetup-gfx-thread-allocator-block-size=16777216"
    "memorysetup-cache-allocator-block-size=4194304"
    "memorysetup-typetree-allocator-block-size=2097152"
    "memorysetup-profiler-bucket-allocator-granularity=16"
    "memorysetup-profiler-bucket-allocator-bucket-count=8"
    "memorysetup-profiler-bucket-allocator-block-size=33554432"
    "memorysetup-profiler-bucket-allocator-block-count=8"
    "memorysetup-profiler-allocator-block-size=16777216"
    "memorysetup-profiler-editor-allocator-block-size=1048576"
    "memorysetup-temp-allocator-size-main=16777216"
    "memorysetup-job-temp-allocator-block-size=2097152"
    "memorysetup-job-temp-allocator-block-size-background=1048576"
    "memorysetup-job-temp-allocator-reduction-small-platforms=262144"
    "memorysetup-temp-allocator-size-background-worker=32768"
    "memorysetup-temp-allocator-size-job-worker=262144"
    "memorysetup-temp-allocator-size-preload-manager=33554432"
    "memorysetup-temp-allocator-size-nav-mesh-worker=65536"
    "memorysetup-temp-allocator-size-audio-worker=65536"
    "memorysetup-temp-allocator-size-cloud-worker=32768"
    "memorysetup-temp-allocator-size-gi-baking-worker=262144"
    "memorysetup-temp-allocator-size-gfx=262144"
Refreshing native plugins compatible for Editor in 68.59 ms, found 3 plugins.
Preloading 0 native plugins for Editor in 0.00 ms.
Initialize engine version: 2021.3.9f1 (ad3870b89536)
[Subsystems] Discovering subsystems at path C:/Program Files/Unity 2021.3.9f1/Editor/Data/Resources/UnitySubsystems
[Subsystems] Discovering subsystems at path C:/Users/redpa/OneDrive/Documents/git/Leo/Leo/Assets
GfxDevice: creating device client; threaded=0; jobified=0
Direct3D:
    Version:  Direct3D 11.0 [level 11.1]
    Renderer: NVIDIA GeForce RTX 2070 (ID=0x1f14)
    Vendor:   NVIDIA
    VRAM:     8031 MB
    Driver:   31.0.15.1700
Initialize mono
Mono path[0] = 'C:/Program Files/Unity 2021.3.9f1/Editor/Data/Managed'
Mono path[1] = 'C:/Program Files/Unity 2021.3.9f1/Editor/Data/MonoBleedingEdge/lib/mono/unityjit-win32'
Mono config path = 'C:/Program Files/Unity 2021.3.9f1/Editor/Data/MonoBleedingEdge/etc'
Using monoOptions --debugger-agent=transport=dt_socket,embedding=1,server=y,suspend=n,address=127.0.0.1:56820
Begin MonoManager ReloadAssembly
Registering precompiled unity dll's ...
Register platform support module: C:/Program Files/Unity 2021.3.9f1/Editor/Data/PlaybackEngines/WindowsStandaloneSupport/UnityEditor.WindowsStandalone.Extensions.dll
Registered in 0.114205 seconds.
Native extension for WindowsStandalone target not found
Refreshing native plugins compatible for Editor in 65.89 ms, found 3 plugins.
Preloading 0 native plugins for Editor in 0.00 ms.
Mono: successfully reloaded assembly
- Completed reload, in  5.956 seconds
Domain Reload Profiling:
	ReloadAssembly (5958ms)
		BeginReloadAssembly (5096ms)
			ExecutionOrderSort (0ms)
			DisableScriptedObjects (0ms)
			BackupInstance (0ms)
			ReleaseScriptingObjects (0ms)
			CreateAndSetChildDomain (1ms)
		EndReloadAssembly (599ms)
			LoadAssemblies (5090ms)
			RebuildTransferFunctionScriptingTraits (0ms)
			SetupTypeCache (140ms)
			ReleaseScriptCaches (0ms)
			RebuildScriptCaches (36ms)
			SetupLoadedEditorAssemblies (343ms)
				LogAssemblyErrors (0ms)
				InitializePlatformSupportModulesInManaged (11ms)
				SetLoadedEditorAssemblies (0ms)
				RefreshPlugins (66ms)
				BeforeProcessingInitializeOnLoad (2ms)
				ProcessInitializeOnLoadAttributes (188ms)
				ProcessInitializeOnLoadMethodAttributes (75ms)
				AfterProcessingInitializeOnLoad (0ms)
				EditorAssembliesLoaded (0ms)
			ExecutionOrderSort2 (0ms)
			AwakeInstancesAfterBackupRestoration (0ms)
Platform modules already initialized, skipping
Registering precompiled user dll's ...
Registered in 0.028834 seconds.
Begin MonoManager ReloadAssembly
Native extension for WindowsStandalone target not found
Refreshing native plugins compatible for Editor in 53.46 ms, found 3 plugins.
Preloading 0 native plugins for Editor in 0.00 ms.
Mono: successfully reloaded assembly
- Completed reload, in  6.714 seconds
Domain Reload Profiling:
	ReloadAssembly (6715ms)
		BeginReloadAssembly (159ms)
			ExecutionOrderSort (0ms)
			DisableScriptedObjects (9ms)
			BackupInstance (0ms)
			ReleaseScriptingObjects (0ms)
			CreateAndSetChildDomain (25ms)
		EndReloadAssembly (6336ms)
			LoadAssemblies (4209ms)
			RebuildTransferFunctionScriptingTraits (0ms)
			SetupTypeCache (284ms)
			ReleaseScriptCaches (1ms)
			RebuildScriptCaches (75ms)
			SetupLoadedEditorAssemblies (1707ms)
				LogAssemblyErrors (0ms)
				InitializePlatformSupportModulesInManaged (6ms)
				SetLoadedEditorAssemblies (0ms)
				RefreshPlugins (54ms)
				BeforeProcessingInitializeOnLoad (108ms)
				ProcessInitializeOnLoadAttributes (352ms)
				ProcessInitializeOnLoadMethodAttributes (1175ms)
				AfterProcessingInitializeOnLoad (12ms)
				EditorAssembliesLoaded (0ms)
			ExecutionOrderSort2 (0ms)
			AwakeInstancesAfterBackupRestoration (7ms)
Platform modules already initialized, skipping
========================================================================
Worker process is ready to serve import requests
Launched and connected shader compiler UnityShaderCompiler.exe after 0.09 seconds
Refreshing native plugins compatible for Editor in 1.39 ms, found 3 plugins.
Preloading 0 native plugins for Editor in 0.00 ms.
Unloading 2475 Unused Serialized files (Serialized files now loaded: 0)
Unloading 33 unused Assets / (55.8 KB). Loaded Objects now: 2936.
Memory consumption went from 109.5 MB to 109.4 MB.
Total: 4.690200 ms (FindLiveObjects: 0.441800 ms CreateObjectMapping: 0.484500 ms MarkObjects: 3.656000 ms  DeleteObjects: 0.106100 ms)

AssetImportParameters requested are different than current active one (requested -> active):
  custom:video-decoder-ogg-theora: a1e56fd34408186e4bbccfd4996cb3dc -> 
  custom:container-muxer-webm: aa71ff27fc2769a1b78a27578f13a17b -> 
  custom:container-demuxer-webm: 4f35f7cbe854078d1ac9338744f61a02 -> 
  custom:video-encoder-webm-vp8: eb34c28f22e8b96e1ab97ce403110664 -> 
  custom:video-codec-MediaFoundation-h265: 746d11721c4dcdbdad8f713fa42b33f4 -> 
  custom:audio-encoder-webm-vorbis: bf7c407c2cedff20999df2af8eb42d56 -> 
  custom:framework-win-MediaFoundation: 216162199b28c13a410421893ffa2e32 -> 
  custom:container-demuxer-ogg: 62fdf1f143b41e24485cea50d1cbac27 -> 
  custom:video-decoder-webm-vp8: 9c59270c3fd7afecdb556c50c9e8de78 -> 
  custom:audio-decoder-ogg-vorbis: bf7c407c2cedff20999df2af8eb42d56 -> 
========================================================================
Received Import Request.
  Time since last request: 292911.516876 seconds.
  path: Assets/Characters/Leo.psb
  artifactKey: Guid(80cd31324ccfe7e47a9dee72a1f27836) Importer(815301076,1909f56bfc062723c751e8b465ee728b)
Start importing Assets/Characters/Leo.psb using Guid(80cd31324ccfe7e47a9dee72a1f27836) Importer(815301076,1909f56bfc062723c751e8b465ee728b)  -> (artifact id: '91ec5f41051fccc6323a95b594f4dcd4') in 0.352224 seconds 
========================================================================
Received Import Request.
  Time since last request: 214.242304 seconds.
  path: Assets/Characters/Leo.psb
  artifactKey: Guid(80cd31324ccfe7e47a9dee72a1f27836) Importer(815301076,1909f56bfc062723c751e8b465ee728b)
Start importing Assets/Characters/Leo.psb using Guid(80cd31324ccfe7e47a9dee72a1f27836) Importer(815301076,1909f56bfc062723c751e8b465ee728b)  -> (artifact id: '77d83aeefb8cdfce742318ced2a456d4') in 0.123038 seconds 
========================================================================
Received Import Request.
  Time since last request: 35758.829580 seconds.
  path: Assets/Characters/Leo.psb
  artifactKey: Guid(80cd31324ccfe7e47a9dee72a1f27836) Importer(815301076,1909f56bfc062723c751e8b465ee728b)
Start importing Assets/Characters/Leo.psb using Guid(80cd31324ccfe7e47a9dee72a1f27836) Importer(815301076,1909f56bfc062723c751e8b465ee728b)  -> (artifact id: '0ead062bd1b72d4d84bc2582eed9c95b') in 0.617537 seconds 
========================================================================
Received Import Request.
  Time since last request: 608.248091 seconds.
  path: Assets/Characters/Leo.psb
  artifactKey: Guid(80cd31324ccfe7e47a9dee72a1f27836) Importer(815301076,1909f56bfc062723c751e8b465ee728b)
Start importing Assets/Characters/Leo.psb using Guid(80cd31324ccfe7e47a9dee72a1f27836) Importer(815301076,1909f56bfc062723c751e8b465ee728b)  -> (artifact id: '395f964cd6e3bb902f1e275aa6744581') in 0.186509 seconds 
========================================================================
Received Import Request.
  Time since last request: 6628.807350 seconds.
  path: Assets/Characters/Leo.psb
  artifactKey: Guid(80cd31324ccfe7e47a9dee72a1f27836) Importer(815301076,1909f56bfc062723c751e8b465ee728b)
Start importing Assets/Characters/Leo.psb using Guid(80cd31324ccfe7e47a9dee72a1f27836) Importer(815301076,1909f56bfc062723c751e8b465ee728b)  -> (artifact id: '201920d61cebb6ac88a4c705614fbff3') in 0.385125 seconds 
========================================================================
Received Import Request.
  Time since last request: 305.676976 seconds.
  path: Assets/Characters/Leo.psb
  artifactKey: Guid(80cd31324ccfe7e47a9dee72a1f27836) Importer(815301076,1909f56bfc062723c751e8b465ee728b)
Start importing Assets/Characters/Leo.psb using Guid(80cd31324ccfe7e47a9dee72a1f27836) Importer(815301076,1909f56bfc062723c751e8b465ee728b)  -> (artifact id: 'b30b213c9825248256f1888aa166dba3') in 0.148593 seconds 
========================================================================
Received Import Request.
  Time since last request: 619.697363 seconds.
  path: Assets/Characters/Leo.psb
  artifactKey: Guid(80cd31324ccfe7e47a9dee72a1f27836) Importer(815301076,1909f56bfc062723c751e8b465ee728b)
Start importing Assets/Characters/Leo.psb using Guid(80cd31324ccfe7e47a9dee72a1f27836) Importer(815301076,1909f56bfc062723c751e8b465ee728b)  -> (artifact id: '06aa7720a8ee4ab34e077fc61fc0a630') in 0.164284 seconds 
========================================================================
Received Import Request.
  Time since last request: 325.029259 seconds.
  path: Assets/Characters/Leo.psb
  artifactKey: Guid(80cd31324ccfe7e47a9dee72a1f27836) Importer(815301076,1909f56bfc062723c751e8b465ee728b)
Start importing Assets/Characters/Leo.psb using Guid(80cd31324ccfe7e47a9dee72a1f27836) Importer(815301076,1909f56bfc062723c751e8b465ee728b)  -> (artifact id: '827bcb43eff985d9d40e99927199151b') in 0.115611 seconds 
========================================================================
Received Import Request.
  Time since last request: 47.598305 seconds.
  path: Assets/Characters/Leo.psb
  artifactKey: Guid(80cd31324ccfe7e47a9dee72a1f27836) Importer(815301076,1909f56bfc062723c751e8b465ee728b)
Start importing Assets/Characters/Leo.psb using Guid(80cd31324ccfe7e47a9dee72a1f27836) Importer(815301076,1909f56bfc062723c751e8b465ee728b)  -> (artifact id: '020cc3bddf1df7508c6d5929ac659320') in 0.184732 seconds 
========================================================================
Received Import Request.
  Time since last request: 390.510858 seconds.
  path: Assets/Characters/Leo.psb
  artifactKey: Guid(80cd31324ccfe7e47a9dee72a1f27836) Importer(815301076,1909f56bfc062723c751e8b465ee728b)
Start importing Assets/Characters/Leo.psb using Guid(80cd31324ccfe7e47a9dee72a1f27836) Importer(815301076,1909f56bfc062723c751e8b465ee728b)  -> (artifact id: '6512aeeaeb623cb5aaf2d0f638f2ecd7') in 0.124470 seconds 
========================================================================
Received Import Request.
  Time since last request: 264.967092 seconds.
  path: Assets/Characters/Leo.psb
  artifactKey: Guid(80cd31324ccfe7e47a9dee72a1f27836) Importer(815301076,1909f56bfc062723c751e8b465ee728b)
Start importing Assets/Characters/Leo.psb using Guid(80cd31324ccfe7e47a9dee72a1f27836) Importer(815301076,1909f56bfc062723c751e8b465ee728b)  -> (artifact id: '251003c48b657234ac0d099d5cc3965e') in 0.135411 seconds 
========================================================================
Received Import Request.
  Time since last request: 345.628356 seconds.
  path: Assets/Characters/Leo.psb
  artifactKey: Guid(80cd31324ccfe7e47a9dee72a1f27836) Importer(815301076,1909f56bfc062723c751e8b465ee728b)
Start importing Assets/Characters/Leo.psb using Guid(80cd31324ccfe7e47a9dee72a1f27836) Importer(815301076,1909f56bfc062723c751e8b465ee728b)  -> (artifact id: 'cc8561c9515d01bdef8d43c880259828') in 0.153761 seconds 
========================================================================
Received Import Request.
  Time since last request: 289.760564 seconds.
  path: Assets/Characters/Leo.psb
  artifactKey: Guid(80cd31324ccfe7e47a9dee72a1f27836) Importer(815301076,1909f56bfc062723c751e8b465ee728b)
Start importing Assets/Characters/Leo.psb using Guid(80cd31324ccfe7e47a9dee72a1f27836) Importer(815301076,1909f56bfc062723c751e8b465ee728b)  -> (artifact id: '799165f7817757031e16a86a637a6c1b') in 0.161903 seconds 
